<?xml version="1.0" encoding="UTF-8"?>
<!-- Generated by org.testng.reporters.JUnitReportReporter -->
<testsuite hostname="Afsanas-MacBook-Pro.local" failures="0" tests="1" name="test_register.NewRegisterTest" time="3.402" errors="0" timestamp="21 Aug 2020 02:20:46 GMT">
  <testcase classname="test_register.NewRegisterTest" name="registerWithNewEmailTest" time="3.402"/>
</testsuite> <!-- test_register.NewRegisterTest -->
